
> frontend@0.1.0 dev
> next dev

   ▲ Next.js 15.5.6
   - Local:        http://localhost:3000
   - Network:      http://192.168.178.22:3000
   - Environments: .env.local

 ✓ Starting...
 ✓ Ready in 1500ms
 ○ Compiling / ...
 ✓ Compiled / in 2.6s (839 modules)
 GET / 200 in 3125ms
 ○ Compiling /auth/register ...
 ✓ Compiled /auth/register in 844ms (986 modules)
 GET /auth/register 200 in 1113ms
 ✓ Compiled /favicon.ico in 143ms (619 modules)
 GET /favicon.ico 200 in 251ms
 ○ Compiling /dashboard ...
 ✓ Compiled /dashboard in 853ms (1150 modules)
 GET /dashboard 200 in 937ms
 ○ Compiling /_not-found ...
 ✓ Compiled /_not-found in 556ms (1138 modules)
 GET /library 404 in 678ms
 GET /library 404 in 90ms
 GET /dashboard 200 in 99ms
 ✓ Compiled /auth/login in 344ms (1145 modules)
 GET /auth/login 200 in 435ms
[?25h
